<?xml version="1.0" encoding="UTF-8"?>
<coverage generated="1702085494222" clover="3.2.0">
  <project timestamp="1702085494222" name="All files">
    <metrics statements="23" coveredstatements="23" conditionals="7" coveredconditionals="7" methods="2" coveredmethods="2" elements="32" coveredelements="32" complexity="0" loc="23" ncloc="23" packages="1" files="2" classes="2"/>
    <file name="palindromo.js" path="/home/segura/Escritorio/Desarrollo web/prueba-tecnica-jr/pruebas/palindromo.js">
      <metrics statements="14" coveredstatements="14" conditionals="3" coveredconditionals="3" methods="1" coveredmethods="1"/>
      <line num="1" count="1" type="stmt"/>
      <line num="2" count="1" type="stmt"/>
      <line num="3" count="2" type="cond" truecount="1" falsecount="0"/>
      <line num="4" count="2" type="stmt"/>
      <line num="5" count="2" type="cond" truecount="1" falsecount="0"/>
      <line num="6" count="14" type="stmt"/>
      <line num="7" count="14" type="stmt"/>
      <line num="8" count="2" type="cond" truecount="1" falsecount="0"/>
      <line num="9" count="1" type="stmt"/>
      <line num="10" count="1" type="stmt"/>
      <line num="11" count="1" type="stmt"/>
      <line num="12" count="1" type="stmt"/>
      <line num="13" count="1" type="stmt"/>
      <line num="14" count="1" type="stmt"/>
    </file>
    <file name="sumaDePares.js" path="/home/segura/Escritorio/Desarrollo web/prueba-tecnica-jr/pruebas/sumaDePares.js">
      <metrics statements="9" coveredstatements="9" conditionals="4" coveredconditionals="4" methods="1" coveredmethods="1"/>
      <line num="1" count="1" type="stmt"/>
      <line num="2" count="1" type="stmt"/>
      <line num="3" count="1" type="cond" truecount="1" falsecount="0"/>
      <line num="4" count="1" type="cond" truecount="3" falsecount="0"/>
      <line num="5" count="1" type="stmt"/>
      <line num="6" count="1" type="stmt"/>
      <line num="7" count="1" type="stmt"/>
      <line num="8" count="1" type="stmt"/>
      <line num="9" count="1" type="stmt"/>
    </file>
  </project>
</coverage>
