{"/home/segura/Escritorio/Desarrollo web/prueba-tecnica-jr/pruebas/palindromo.js": {"path":"/home/segura/Escritorio/Desarrollo web/prueba-tecnica-jr/pruebas/palindromo.js","all":false,"statementMap":{"0":{"start":{"line":1,"column":0},"end":{"line":1,"column":134}},"1":{"start":{"line":2,"column":0},"end":{"line":2,"column":0}},"2":{"start":{"line":3,"column":0},"end":{"line":3,"column":33}},"3":{"start":{"line":4,"column":0},"end":{"line":4,"column":28}},"4":{"start":{"line":5,"column":0},"end":{"line":5,"column":32}},"5":{"start":{"line":6,"column":0},"end":{"line":6,"column":49}},"6":{"start":{"line":7,"column":0},"end":{"line":7,"column":3}},"7":{"start":{"line":8,"column":0},"end":{"line":8,"column":38}},"8":{"start":{"line":9,"column":0},"end":{"line":9,"column":16}},"9":{"start":{"line":10,"column":0},"end":{"line":10,"column":3}},"10":{"start":{"line":11,"column":0},"end":{"line":11,"column":15}},"11":{"start":{"line":12,"column":0},"end":{"line":12,"column":1}},"12":{"start":{"line":13,"column":0},"end":{"line":13,"column":0}},"13":{"start":{"line":14,"column":0},"end":{"line":14,"column":30}}},"s":{"0":1,"1":1,"2":2,"3":2,"4":2,"5":14,"6":14,"7":2,"8":1,"9":1,"10":1,"11":1,"12":1,"13":1},"branchMap":{"0":{"type":"branch","line":3,"loc":{"start":{"line":3,"column":0},"end":{"line":12,"column":1}},"locations":[{"start":{"line":3,"column":0},"end":{"line":12,"column":1}}]},"1":{"type":"branch","line":5,"loc":{"start":{"line":5,"column":31},"end":{"line":7,"column":3}},"locations":[{"start":{"line":5,"column":31},"end":{"line":7,"column":3}}]},"2":{"type":"branch","line":8,"loc":{"start":{"line":8,"column":37},"end":{"line":12,"column":1}},"locations":[{"start":{"line":8,"column":37},"end":{"line":12,"column":1}}]}},"b":{"0":[2],"1":[14],"2":[1]},"fnMap":{"0":{"name":"espalindromo","decl":{"start":{"line":3,"column":0},"end":{"line":12,"column":1}},"loc":{"start":{"line":3,"column":0},"end":{"line":12,"column":1}},"line":3}},"f":{"0":2}}
,"/home/segura/Escritorio/Desarrollo web/prueba-tecnica-jr/pruebas/sumaDePares.js": {"path":"/home/segura/Escritorio/Desarrollo web/prueba-tecnica-jr/pruebas/sumaDePares.js","all":false,"statementMap":{"0":{"start":{"line":1,"column":0},"end":{"line":1,"column":61}},"1":{"start":{"line":2,"column":0},"end":{"line":2,"column":0}},"2":{"start":{"line":3,"column":0},"end":{"line":3,"column":30}},"3":{"start":{"line":4,"column":0},"end":{"line":4,"column":70}},"4":{"start":{"line":5,"column":0},"end":{"line":5,"column":0}},"5":{"start":{"line":6,"column":0},"end":{"line":6,"column":36}},"6":{"start":{"line":7,"column":0},"end":{"line":7,"column":0}},"7":{"start":{"line":8,"column":0},"end":{"line":8,"column":0}},"8":{"start":{"line":9,"column":0},"end":{"line":9,"column":29}}},"s":{"0":1,"1":1,"2":1,"3":1,"4":1,"5":1,"6":1,"7":1,"8":1},"branchMap":{"0":{"type":"branch","line":3,"loc":{"start":{"line":3,"column":21},"end":{"line":4,"column":69}},"locations":[{"start":{"line":3,"column":21},"end":{"line":4,"column":69}}]},"1":{"type":"branch","line":4,"loc":{"start":{"line":4,"column":15},"end":{"line":4,"column":65}},"locations":[{"start":{"line":4,"column":15},"end":{"line":4,"column":65}}]},"2":{"type":"branch","line":4,"loc":{"start":{"line":4,"column":45},"end":{"line":4,"column":58}},"locations":[{"start":{"line":4,"column":45},"end":{"line":4,"column":58}}]},"3":{"type":"branch","line":4,"loc":{"start":{"line":4,"column":58},"end":{"line":4,"column":65}},"locations":[{"start":{"line":4,"column":58},"end":{"line":4,"column":65}}]}},"b":{"0":[4],"1":[13],"2":[5],"3":[8]},"fnMap":{"0":{"name":"sumaDePares","decl":{"start":{"line":3,"column":21},"end":{"line":4,"column":69}},"loc":{"start":{"line":3,"column":21},"end":{"line":4,"column":69}},"line":3}},"f":{"0":4}}
}
