{"/home/segura/Escritorio/Desarrollo web/prueba-tecnica-jr/pruebas/maxSum.js": {"path":"/home/segura/Escritorio/Desarrollo web/prueba-tecnica-jr/pruebas/maxSum.js","all":false,"statementMap":{"0":{"start":{"line":1,"column":0},"end":{"line":1,"column":9}},"1":{"start":{"line":2,"column":0},"end":{"line":2,"column":31}},"2":{"start":{"line":3,"column":0},"end":{"line":3,"column":38}},"3":{"start":{"line":4,"column":0},"end":{"line":4,"column":46}},"4":{"start":{"line":5,"column":0},"end":{"line":5,"column":46}},"5":{"start":{"line":6,"column":0},"end":{"line":6,"column":32}},"6":{"start":{"line":7,"column":0},"end":{"line":7,"column":28}},"7":{"start":{"line":8,"column":0},"end":{"line":8,"column":5}},"8":{"start":{"line":9,"column":0},"end":{"line":9,"column":3}},"9":{"start":{"line":10,"column":0},"end":{"line":10,"column":19}},"10":{"start":{"line":11,"column":0},"end":{"line":11,"column":2}},"11":{"start":{"line":12,"column":0},"end":{"line":12,"column":0}},"12":{"start":{"line":13,"column":0},"end":{"line":13,"column":25}},"13":{"start":{"line":14,"column":0},"end":{"line":14,"column":31}},"14":{"start":{"line":15,"column":0},"end":{"line":15,"column":0}},"15":{"start":{"line":16,"column":0},"end":{"line":16,"column":85}},"16":{"start":{"line":17,"column":0},"end":{"line":17,"column":28}},"17":{"start":{"line":18,"column":0},"end":{"line":18,"column":0}},"18":{"start":{"line":19,"column":0},"end":{"line":19,"column":0}},"19":{"start":{"line":20,"column":0},"end":{"line":20,"column":0}},"20":{"start":{"line":21,"column":0},"end":{"line":21,"column":0}},"21":{"start":{"line":22,"column":0},"end":{"line":22,"column":0}},"22":{"start":{"line":23,"column":0},"end":{"line":23,"column":0}},"23":{"start":{"line":24,"column":0},"end":{"line":24,"column":38105}}},"s":{"0":1,"1":1,"2":2,"3":2,"4":6,"5":6,"6":4,"7":4,"8":6,"9":2,"10":2,"11":1,"12":1,"13":1,"14":1,"15":1,"16":1,"17":1,"18":1,"19":1,"20":1,"21":1,"22":1,"23":1},"branchMap":{"0":{"type":"branch","line":2,"loc":{"start":{"line":2,"column":20},"end":{"line":11,"column":2}},"locations":[{"start":{"line":2,"column":20},"end":{"line":11,"column":2}}]},"1":{"type":"branch","line":4,"loc":{"start":{"line":4,"column":45},"end":{"line":9,"column":3}},"locations":[{"start":{"line":4,"column":45},"end":{"line":9,"column":3}}]},"2":{"type":"branch","line":6,"loc":{"start":{"line":6,"column":31},"end":{"line":8,"column":5}},"locations":[{"start":{"line":6,"column":31},"end":{"line":8,"column":5}}]},"3":{"type":"branch","line":24,"loc":{"start":{"line":24,"column":68},"end":{"line":24,"column":37468}},"locations":[{"start":{"line":24,"column":68},"end":{"line":24,"column":37468}}]},"4":{"type":"branch","line":24,"loc":{"start":{"line":24,"column":37457},"end":{"line":24,"column":37467}},"locations":[{"start":{"line":24,"column":37457},"end":{"line":24,"column":37467}}]},"5":{"type":"branch","line":24,"loc":{"start":{"line":24,"column":37495},"end":{"line":24,"column":37568}},"locations":[{"start":{"line":24,"column":37495},"end":{"line":24,"column":37568}}]},"6":{"type":"branch","line":24,"loc":{"start":{"line":24,"column":37548},"end":{"line":24,"column":37559}},"locations":[{"start":{"line":24,"column":37548},"end":{"line":24,"column":37559}}]}},"b":{"0":[2],"1":[6],"2":[4],"3":[1],"4":[1],"5":[1],"6":[1]},"fnMap":{"0":{"name":"highestSum","decl":{"start":{"line":2,"column":20},"end":{"line":11,"column":2}},"loc":{"start":{"line":2,"column":20},"end":{"line":11,"column":2}},"line":2},"1":{"name":"oo_cm","decl":{"start":{"line":24,"column":68},"end":{"line":24,"column":37468}},"loc":{"start":{"line":24,"column":68},"end":{"line":24,"column":37468}},"line":24},"2":{"name":"oo_oo","decl":{"start":{"line":24,"column":37495},"end":{"line":24,"column":37568}},"loc":{"start":{"line":24,"column":37495},"end":{"line":24,"column":37568}},"line":24},"3":{"name":"oo_tr","decl":{"start":{"line":24,"column":37595},"end":{"line":24,"column":37670}},"loc":{"start":{"line":24,"column":37595},"end":{"line":24,"column":37670}},"line":24},"4":{"name":"oo_ts","decl":{"start":{"line":24,"column":37697},"end":{"line":24,"column":37752}},"loc":{"start":{"line":24,"column":37697},"end":{"line":24,"column":37752}},"line":24},"5":{"name":"oo_te","decl":{"start":{"line":24,"column":37779},"end":{"line":24,"column":37837}},"loc":{"start":{"line":24,"column":37779},"end":{"line":24,"column":37837}},"line":24}},"f":{"0":2,"1":1,"2":1,"3":1,"4":1,"5":1}}
,"/home/segura/Escritorio/Desarrollo web/prueba-tecnica-jr/pruebas/palindromo.js": {"path":"/home/segura/Escritorio/Desarrollo web/prueba-tecnica-jr/pruebas/palindromo.js","all":false,"statementMap":{"0":{"start":{"line":1,"column":0},"end":{"line":1,"column":134}},"1":{"start":{"line":2,"column":0},"end":{"line":2,"column":0}},"2":{"start":{"line":3,"column":0},"end":{"line":3,"column":33}},"3":{"start":{"line":4,"column":0},"end":{"line":4,"column":28}},"4":{"start":{"line":5,"column":0},"end":{"line":5,"column":32}},"5":{"start":{"line":6,"column":0},"end":{"line":6,"column":49}},"6":{"start":{"line":7,"column":0},"end":{"line":7,"column":3}},"7":{"start":{"line":8,"column":0},"end":{"line":8,"column":38}},"8":{"start":{"line":9,"column":0},"end":{"line":9,"column":16}},"9":{"start":{"line":10,"column":0},"end":{"line":10,"column":3}},"10":{"start":{"line":11,"column":0},"end":{"line":11,"column":15}},"11":{"start":{"line":12,"column":0},"end":{"line":12,"column":1}},"12":{"start":{"line":13,"column":0},"end":{"line":13,"column":0}},"13":{"start":{"line":14,"column":0},"end":{"line":14,"column":30}}},"s":{"0":1,"1":1,"2":2,"3":2,"4":2,"5":14,"6":14,"7":2,"8":1,"9":1,"10":1,"11":1,"12":1,"13":1},"branchMap":{"0":{"type":"branch","line":3,"loc":{"start":{"line":3,"column":0},"end":{"line":12,"column":1}},"locations":[{"start":{"line":3,"column":0},"end":{"line":12,"column":1}}]},"1":{"type":"branch","line":5,"loc":{"start":{"line":5,"column":31},"end":{"line":7,"column":3}},"locations":[{"start":{"line":5,"column":31},"end":{"line":7,"column":3}}]},"2":{"type":"branch","line":8,"loc":{"start":{"line":8,"column":37},"end":{"line":12,"column":1}},"locations":[{"start":{"line":8,"column":37},"end":{"line":12,"column":1}}]}},"b":{"0":[2],"1":[14],"2":[1]},"fnMap":{"0":{"name":"espalindromo","decl":{"start":{"line":3,"column":0},"end":{"line":12,"column":1}},"loc":{"start":{"line":3,"column":0},"end":{"line":12,"column":1}},"line":3}},"f":{"0":2}}
,"/home/segura/Escritorio/Desarrollo web/prueba-tecnica-jr/pruebas/sumaDePares.js": {"path":"/home/segura/Escritorio/Desarrollo web/prueba-tecnica-jr/pruebas/sumaDePares.js","all":false,"statementMap":{"0":{"start":{"line":1,"column":0},"end":{"line":1,"column":61}},"1":{"start":{"line":2,"column":0},"end":{"line":2,"column":0}},"2":{"start":{"line":3,"column":0},"end":{"line":3,"column":30}},"3":{"start":{"line":4,"column":0},"end":{"line":4,"column":70}},"4":{"start":{"line":5,"column":0},"end":{"line":5,"column":0}},"5":{"start":{"line":6,"column":0},"end":{"line":6,"column":90}},"6":{"start":{"line":7,"column":0},"end":{"line":7,"column":0}},"7":{"start":{"line":8,"column":0},"end":{"line":8,"column":29}},"8":{"start":{"line":9,"column":0},"end":{"line":9,"column":0}},"9":{"start":{"line":10,"column":0},"end":{"line":10,"column":0}},"10":{"start":{"line":11,"column":0},"end":{"line":11,"column":0}},"11":{"start":{"line":12,"column":0},"end":{"line":12,"column":0}},"12":{"start":{"line":13,"column":0},"end":{"line":13,"column":0}},"13":{"start":{"line":14,"column":0},"end":{"line":14,"column":0}},"14":{"start":{"line":15,"column":0},"end":{"line":15,"column":0}},"15":{"start":{"line":16,"column":0},"end":{"line":16,"column":0}},"16":{"start":{"line":17,"column":0},"end":{"line":17,"column":38105}}},"s":{"0":1,"1":1,"2":1,"3":1,"4":1,"5":1,"6":1,"7":1,"8":1,"9":1,"10":1,"11":1,"12":1,"13":1,"14":1,"15":1,"16":1},"branchMap":{"0":{"type":"branch","line":3,"loc":{"start":{"line":3,"column":21},"end":{"line":4,"column":69}},"locations":[{"start":{"line":3,"column":21},"end":{"line":4,"column":69}}]},"1":{"type":"branch","line":4,"loc":{"start":{"line":4,"column":15},"end":{"line":4,"column":65}},"locations":[{"start":{"line":4,"column":15},"end":{"line":4,"column":65}}]},"2":{"type":"branch","line":4,"loc":{"start":{"line":4,"column":45},"end":{"line":4,"column":58}},"locations":[{"start":{"line":4,"column":45},"end":{"line":4,"column":58}}]},"3":{"type":"branch","line":4,"loc":{"start":{"line":4,"column":58},"end":{"line":4,"column":65}},"locations":[{"start":{"line":4,"column":58},"end":{"line":4,"column":65}}]},"4":{"type":"branch","line":17,"loc":{"start":{"line":17,"column":68},"end":{"line":17,"column":37468}},"locations":[{"start":{"line":17,"column":68},"end":{"line":17,"column":37468}}]},"5":{"type":"branch","line":17,"loc":{"start":{"line":17,"column":37457},"end":{"line":17,"column":37467}},"locations":[{"start":{"line":17,"column":37457},"end":{"line":17,"column":37467}}]},"6":{"type":"branch","line":17,"loc":{"start":{"line":17,"column":37495},"end":{"line":17,"column":37568}},"locations":[{"start":{"line":17,"column":37495},"end":{"line":17,"column":37568}}]},"7":{"type":"branch","line":17,"loc":{"start":{"line":17,"column":37548},"end":{"line":17,"column":37559}},"locations":[{"start":{"line":17,"column":37548},"end":{"line":17,"column":37559}}]}},"b":{"0":[4],"1":[13],"2":[5],"3":[8],"4":[1],"5":[1],"6":[1],"7":[1]},"fnMap":{"0":{"name":"sumaDePares","decl":{"start":{"line":3,"column":21},"end":{"line":4,"column":69}},"loc":{"start":{"line":3,"column":21},"end":{"line":4,"column":69}},"line":3},"1":{"name":"oo_cm","decl":{"start":{"line":17,"column":68},"end":{"line":17,"column":37468}},"loc":{"start":{"line":17,"column":68},"end":{"line":17,"column":37468}},"line":17},"2":{"name":"oo_oo","decl":{"start":{"line":17,"column":37495},"end":{"line":17,"column":37568}},"loc":{"start":{"line":17,"column":37495},"end":{"line":17,"column":37568}},"line":17},"3":{"name":"oo_tr","decl":{"start":{"line":17,"column":37595},"end":{"line":17,"column":37670}},"loc":{"start":{"line":17,"column":37595},"end":{"line":17,"column":37670}},"line":17},"4":{"name":"oo_ts","decl":{"start":{"line":17,"column":37697},"end":{"line":17,"column":37752}},"loc":{"start":{"line":17,"column":37697},"end":{"line":17,"column":37752}},"line":17},"5":{"name":"oo_te","decl":{"start":{"line":17,"column":37779},"end":{"line":17,"column":37837}},"loc":{"start":{"line":17,"column":37779},"end":{"line":17,"column":37837}},"line":17}},"f":{"0":4,"1":1,"2":1,"3":1,"4":1,"5":1}}
}
