TN:
SF:pruebas/maxSum.js
FN:2,highestSum
FN:24,oo_cm
FN:24,oo_oo
FN:24,oo_tr
FN:24,oo_ts
FN:24,oo_te
FNF:6
FNH:6
FNDA:2,highestSum
FNDA:1,oo_cm
FNDA:1,oo_oo
FNDA:1,oo_tr
FNDA:1,oo_ts
FNDA:1,oo_te
DA:1,1
DA:2,1
DA:3,2
DA:4,2
DA:5,6
DA:6,6
DA:7,4
DA:8,4
DA:9,6
DA:10,2
DA:11,2
DA:12,1
DA:13,1
DA:14,1
DA:15,1
DA:16,1
DA:17,1
DA:18,1
DA:19,1
DA:20,1
DA:21,1
DA:22,1
DA:23,1
DA:24,1
LF:24
LH:24
BRDA:2,0,0,2
BRDA:4,1,0,6
BRDA:6,2,0,4
BRDA:24,3,0,1
BRDA:24,4,0,1
BRDA:24,5,0,1
BRDA:24,6,0,1
BRF:7
BRH:7
end_of_record
TN:
SF:pruebas/palindromo.js
FN:3,espalindromo
FNF:1
FNH:1
FNDA:2,espalindromo
DA:1,1
DA:2,1
DA:3,2
DA:4,2
DA:5,2
DA:6,14
DA:7,14
DA:8,2
DA:9,1
DA:10,1
DA:11,1
DA:12,1
DA:13,1
DA:14,1
LF:14
LH:14
BRDA:3,0,0,2
BRDA:5,1,0,14
BRDA:8,2,0,1
BRF:3
BRH:3
end_of_record
TN:
SF:pruebas/sumaDePares.js
FN:3,sumaDePares
FN:17,oo_cm
FN:17,oo_oo
FN:17,oo_tr
FN:17,oo_ts
FN:17,oo_te
FNF:6
FNH:6
FNDA:4,sumaDePares
FNDA:1,oo_cm
FNDA:1,oo_oo
FNDA:1,oo_tr
FNDA:1,oo_ts
FNDA:1,oo_te
DA:1,1
DA:2,1
DA:3,1
DA:4,1
DA:5,1
DA:6,1
DA:7,1
DA:8,1
DA:9,1
DA:10,1
DA:11,1
DA:12,1
DA:13,1
DA:14,1
DA:15,1
DA:16,1
DA:17,1
LF:17
LH:17
BRDA:3,0,0,4
BRDA:4,1,0,13
BRDA:4,2,0,5
BRDA:4,3,0,8
BRDA:17,4,0,1
BRDA:17,5,0,1
BRDA:17,6,0,1
BRDA:17,7,0,1
BRF:8
BRH:8
end_of_record
