TN:
SF:pruebas\palindromo.js
FN:3,espalindromo
FN:22,oo_cm
FN:22,oo_oo
FN:22,oo_tr
FN:22,oo_ts
FN:22,oo_te
FNF:6
FNH:3
FNDA:2,espalindromo
FNDA:2,oo_cm
FNDA:2,oo_oo
FNDA:0,oo_tr
FNDA:0,oo_ts
FNDA:0,oo_te
DA:1,1
DA:2,1
DA:3,2
DA:4,2
DA:5,2
DA:6,14
DA:7,14
DA:8,2
DA:9,2
DA:10,1
DA:11,1
DA:12,1
DA:13,1
DA:14,1
DA:15,1
DA:16,1
DA:17,1
DA:18,1
DA:19,1
DA:20,1
DA:21,1
DA:22,1
LF:22
LH:22
BRDA:3,0,0,2
BRDA:5,1,0,14
BRDA:9,2,0,1
BRDA:22,3,0,2
BRDA:22,4,0,1
BRDA:22,5,0,0
BRDA:22,6,0,2
BRDA:22,7,0,0
BRF:8
BRH:6
end_of_record
